153:2026-04-17T04:57:33.376196 [WARNING]  /opt/noetl/noetl/server/auto_resume.py:178
156:2026-04-17T04:57:38.380101 [WARNING]  /opt/noetl/noetl/server/auto_resume.py:178
159:2026-04-17T04:57:43.390565 [WARNING]  /opt/noetl/noetl/server/auto_resume.py:178
162:2026-04-17T04:57:48.394706 [WARNING]  /opt/noetl/noetl/server/auto_resume.py:178
165:2026-04-17T04:57:53.406935 [WARNING]  /opt/noetl/noetl/server/auto_resume.py:178
168:2026-04-17T04:57:58.413253 [WARNING]  /opt/noetl/noetl/server/auto_resume.py:178
171:2026-04-17T04:58:03.416952 [WARNING]  /opt/noetl/noetl/server/auto_resume.py:178
174:2026-04-17T04:58:08.422543 [WARNING]  /opt/noetl/noetl/server/auto_resume.py:178
177:2026-04-17T04:58:13.424528 [WARNING]  /opt/noetl/noetl/server/auto_resume.py:178
180:2026-04-17T04:58:18.428385 [WARNING]  /opt/noetl/noetl/server/auto_resume.py:178
183:2026-04-17T04:58:23.438219 [WARNING]  /opt/noetl/noetl/server/auto_resume.py:178
186:2026-04-17T04:58:28.440862 [WARNING]  /opt/noetl/noetl/server/auto_resume.py:178
190:2026-04-17T04:58:33.455860 [WARNING]  /opt/noetl/noetl/server/auto_resume.py:178
194:2026-04-17T04:58:38.462051 [WARNING]  /opt/noetl/noetl/server/auto_resume.py:178
282:     Message: [CLAIM] Command 606790043104968712:start:606790043683782667 claimed by worker-ed1099db
299:     Message: [ISSUED] Added load_next_facility to issued_steps for execution 606790043104968712, total issued=2
302:     Message: [CLAIM] Command 606790043104968712:load_next_facility:606790045806100506 claimed by worker-1053fb91
319:     Message: [ISSUED] Added setup_facility_work to issued_steps for execution 606790043104968712, total issued=3
322:     Message: [CLAIM] Command 606790043104968712:setup_facility_work:606790047081168940 claimed by worker-36735e39
332:     Message: [NEXT-MATCH] Step setup_facility_work: matched next[0] -> load_patients_for_assessments (unconditional)
335:     Message: [NEXT-MATCH] Created 1 command(s) for step load_patients_for_assessments, added to issued_steps
339:     Message: [ISSUED] Added load_patients_for_assessments to issued_steps for execution 606790043104968712, total issued=4
342:     Message: [CLAIM] Command 606790043104968712:load_patients_for_assessments:606790048775667772 claimed by worker-ed1099db
348:     Message: [NEXT-EVAL] Step load_patients_for_assessments has 2 next targets, mode=exclusive, evaluating for event call.done
351:     Message: [NEXT-MATCH] Step load_patients_for_assessments: matched next[0] -> claim_patients_for_assessments (when: {{ (output.data.rows[0].remaining_count | default(0) | int) > 0 }})
354:     Message: [NEXT-MATCH] Created 1 command(s) for step claim_patients_for_assessments, added to issued_steps
358:     Message: [ISSUED] Added claim_patients_for_assessments to issued_steps for execution 606790043104968712, total issued=5
361:     Message: [CLAIM] Command 606790043104968712:claim_patients_for_assessments:606790049144766540 claimed by worker-1053fb91
367:     Message: [NEXT-EVAL] Step claim_patients_for_assessments has 2 next targets, mode=exclusive, evaluating for event call.done
370:     Message: [NEXT-MATCH] Step claim_patients_for_assessments: matched next[0] -> fetch_assessments (when: {{ (output.data.row_count | default(0) | int) > 0 }})
977:     Message: [ISSUED] Added fetch_assessments to issued_steps for execution 606790043104968712, total issued=6
980:     Message: [ISSUED] Added fetch_assessments to issued_steps for execution 606790043104968712, total issued=6
983:     Message: [ISSUED] Added fetch_assessments to issued_steps for execution 606790043104968712, total issued=6
986:     Message: [ISSUED] Added fetch_assessments to issued_steps for execution 606790043104968712, total issued=6
989:     Message: [ISSUED] Added fetch_assessments to issued_steps for execution 606790043104968712, total issued=6
992:     Message: [ISSUED] Added fetch_assessments to issued_steps for execution 606790043104968712, total issued=6
995:     Message: [ISSUED] Added fetch_assessments to issued_steps for execution 606790043104968712, total issued=6
998:     Message: [ISSUED] Added fetch_assessments to issued_steps for execution 606790043104968712, total issued=6
1001:     Message: [ISSUED] Added fetch_assessments to issued_steps for execution 606790043104968712, total issued=6
1004:     Message: [ISSUED] Added fetch_assessments to issued_steps for execution 606790043104968712, total issued=6
1007:     Message: [ISSUED] Added fetch_assessments to issued_steps for execution 606790043104968712, total issued=6
1010:     Message: [ISSUED] Added fetch_assessments to issued_steps for execution 606790043104968712, total issued=6
1013:     Message: [ISSUED] Added fetch_assessments to issued_steps for execution 606790043104968712, total issued=6
1016:     Message: [ISSUED] Added fetch_assessments to issued_steps for execution 606790043104968712, total issued=6
1019:     Message: [ISSUED] Added fetch_assessments to issued_steps for execution 606790043104968712, total issued=6
1022:     Message: [ISSUED] Added fetch_assessments to issued_steps for execution 606790043104968712, total issued=6
1025:     Message: [ISSUED] Added fetch_assessments to issued_steps for execution 606790043104968712, total issued=6
1028:     Message: [ISSUED] Added fetch_assessments to issued_steps for execution 606790043104968712, total issued=6
1031:     Message: [ISSUED] Added fetch_assessments to issued_steps for execution 606790043104968712, total issued=6
1034:     Message: [ISSUED] Added fetch_assessments to issued_steps for execution 606790043104968712, total issued=6
1037:     Message: [ISSUED] Added fetch_assessments to issued_steps for execution 606790043104968712, total issued=6
1040:     Message: [ISSUED] Added fetch_assessments to issued_steps for execution 606790043104968712, total issued=6
1043:     Message: [ISSUED] Added fetch_assessments to issued_steps for execution 606790043104968712, total issued=6
1046:     Message: [ISSUED] Added fetch_assessments to issued_steps for execution 606790043104968712, total issued=6
1049:     Message: [ISSUED] Added fetch_assessments to issued_steps for execution 606790043104968712, total issued=6
1052:     Message: [ISSUED] Added fetch_assessments to issued_steps for execution 606790043104968712, total issued=6
1055:     Message: [ISSUED] Added fetch_assessments to issued_steps for execution 606790043104968712, total issued=6
1058:     Message: [ISSUED] Added fetch_assessments to issued_steps for execution 606790043104968712, total issued=6
1061:     Message: [ISSUED] Added fetch_assessments to issued_steps for execution 606790043104968712, total issued=6
1064:     Message: [ISSUED] Added fetch_assessments to issued_steps for execution 606790043104968712, total issued=6
1067:     Message: [ISSUED] Added fetch_assessments to issued_steps for execution 606790043104968712, total issued=6
1070:     Message: [ISSUED] Added fetch_assessments to issued_steps for execution 606790043104968712, total issued=6
1073:     Message: [ISSUED] Added fetch_assessments to issued_steps for execution 606790043104968712, total issued=6
1076:     Message: [ISSUED] Added fetch_assessments to issued_steps for execution 606790043104968712, total issued=6
1079:     Message: [ISSUED] Added fetch_assessments to issued_steps for execution 606790043104968712, total issued=6
1082:     Message: [ISSUED] Added fetch_assessments to issued_steps for execution 606790043104968712, total issued=6
1085:     Message: [ISSUED] Added fetch_assessments to issued_steps for execution 606790043104968712, total issued=6
1088:     Message: [ISSUED] Added fetch_assessments to issued_steps for execution 606790043104968712, total issued=6
1091:     Message: [ISSUED] Added fetch_assessments to issued_steps for execution 606790043104968712, total issued=6
1094:     Message: [ISSUED] Added fetch_assessments to issued_steps for execution 606790043104968712, total issued=6
1097:     Message: [ISSUED] Added fetch_assessments to issued_steps for execution 606790043104968712, total issued=6
1100:     Message: [ISSUED] Added fetch_assessments to issued_steps for execution 606790043104968712, total issued=6
1103:     Message: [ISSUED] Added fetch_assessments to issued_steps for execution 606790043104968712, total issued=6
1106:     Message: [ISSUED] Added fetch_assessments to issued_steps for execution 606790043104968712, total issued=6
1109:     Message: [ISSUED] Added fetch_assessments to issued_steps for execution 606790043104968712, total issued=6
1112:     Message: [ISSUED] Added fetch_assessments to issued_steps for execution 606790043104968712, total issued=6
1115:     Message: [ISSUED] Added fetch_assessments to issued_steps for execution 606790043104968712, total issued=6
1118:     Message: [ISSUED] Added fetch_assessments to issued_steps for execution 606790043104968712, total issued=6
1121:     Message: [ISSUED] Added fetch_assessments to issued_steps for execution 606790043104968712, total issued=6
1124:     Message: [ISSUED] Added fetch_assessments to issued_steps for execution 606790043104968712, total issued=6
1127:     Message: [ISSUED] Added fetch_assessments to issued_steps for execution 606790043104968712, total issued=6
1130:     Message: [ISSUED] Added fetch_assessments to issued_steps for execution 606790043104968712, total issued=6
1133:     Message: [ISSUED] Added fetch_assessments to issued_steps for execution 606790043104968712, total issued=6
1136:     Message: [ISSUED] Added fetch_assessments to issued_steps for execution 606790043104968712, total issued=6
1139:     Message: [ISSUED] Added fetch_assessments to issued_steps for execution 606790043104968712, total issued=6
1142:     Message: [ISSUED] Added fetch_assessments to issued_steps for execution 606790043104968712, total issued=6
1145:     Message: [ISSUED] Added fetch_assessments to issued_steps for execution 606790043104968712, total issued=6
1148:     Message: [ISSUED] Added fetch_assessments to issued_steps for execution 606790043104968712, total issued=6
1151:     Message: [ISSUED] Added fetch_assessments to issued_steps for execution 606790043104968712, total issued=6
1154:     Message: [ISSUED] Added fetch_assessments to issued_steps for execution 606790043104968712, total issued=6
1157:     Message: [ISSUED] Added fetch_assessments to issued_steps for execution 606790043104968712, total issued=6
1160:     Message: [ISSUED] Added fetch_assessments to issued_steps for execution 606790043104968712, total issued=6
1163:     Message: [ISSUED] Added fetch_assessments to issued_steps for execution 606790043104968712, total issued=6
1166:     Message: [ISSUED] Added fetch_assessments to issued_steps for execution 606790043104968712, total issued=6
1169:     Message: [ISSUED] Added fetch_assessments to issued_steps for execution 606790043104968712, total issued=6
1172:     Message: [ISSUED] Added fetch_assessments to issued_steps for execution 606790043104968712, total issued=6
1175:     Message: [ISSUED] Added fetch_assessments to issued_steps for execution 606790043104968712, total issued=6
1178:     Message: [ISSUED] Added fetch_assessments to issued_steps for execution 606790043104968712, total issued=6
1181:     Message: [ISSUED] Added fetch_assessments to issued_steps for execution 606790043104968712, total issued=6
1184:     Message: [ISSUED] Added fetch_assessments to issued_steps for execution 606790043104968712, total issued=6
1187:     Message: [ISSUED] Added fetch_assessments to issued_steps for execution 606790043104968712, total issued=6
1190:     Message: [ISSUED] Added fetch_assessments to issued_steps for execution 606790043104968712, total issued=6
1193:     Message: [ISSUED] Added fetch_assessments to issued_steps for execution 606790043104968712, total issued=6
1196:     Message: [ISSUED] Added fetch_assessments to issued_steps for execution 606790043104968712, total issued=6
1199:     Message: [ISSUED] Added fetch_assessments to issued_steps for execution 606790043104968712, total issued=6
1202:     Message: [ISSUED] Added fetch_assessments to issued_steps for execution 606790043104968712, total issued=6
1205:     Message: [ISSUED] Added fetch_assessments to issued_steps for execution 606790043104968712, total issued=6
1208:     Message: [ISSUED] Added fetch_assessments to issued_steps for execution 606790043104968712, total issued=6
1211:     Message: [ISSUED] Added fetch_assessments to issued_steps for execution 606790043104968712, total issued=6
1214:     Message: [ISSUED] Added fetch_assessments to issued_steps for execution 606790043104968712, total issued=6
1217:     Message: [ISSUED] Added fetch_assessments to issued_steps for execution 606790043104968712, total issued=6
1220:     Message: [ISSUED] Added fetch_assessments to issued_steps for execution 606790043104968712, total issued=6
1223:     Message: [ISSUED] Added fetch_assessments to issued_steps for execution 606790043104968712, total issued=6
1226:     Message: [ISSUED] Added fetch_assessments to issued_steps for execution 606790043104968712, total issued=6
1229:     Message: [ISSUED] Added fetch_assessments to issued_steps for execution 606790043104968712, total issued=6
1232:     Message: [ISSUED] Added fetch_assessments to issued_steps for execution 606790043104968712, total issued=6
1235:     Message: [ISSUED] Added fetch_assessments to issued_steps for execution 606790043104968712, total issued=6
1238:     Message: [ISSUED] Added fetch_assessments to issued_steps for execution 606790043104968712, total issued=6
1241:     Message: [ISSUED] Added fetch_assessments to issued_steps for execution 606790043104968712, total issued=6
1244:     Message: [ISSUED] Added fetch_assessments to issued_steps for execution 606790043104968712, total issued=6
1247:     Message: [ISSUED] Added fetch_assessments to issued_steps for execution 606790043104968712, total issued=6
1250:     Message: [ISSUED] Added fetch_assessments to issued_steps for execution 606790043104968712, total issued=6
1253:     Message: [ISSUED] Added fetch_assessments to issued_steps for execution 606790043104968712, total issued=6
1256:     Message: [ISSUED] Added fetch_assessments to issued_steps for execution 606790043104968712, total issued=6
1259:     Message: [ISSUED] Added fetch_assessments to issued_steps for execution 606790043104968712, total issued=6
1262:     Message: [ISSUED] Added fetch_assessments to issued_steps for execution 606790043104968712, total issued=6
1265:     Message: [ISSUED] Added fetch_assessments to issued_steps for execution 606790043104968712, total issued=6
1268:     Message: [ISSUED] Added fetch_assessments to issued_steps for execution 606790043104968712, total issued=6
1271:     Message: [ISSUED] Added fetch_assessments to issued_steps for execution 606790043104968712, total issued=6
1274:     Message: [ISSUED] Added fetch_assessments to issued_steps for execution 606790043104968712, total issued=6
1280:     Message: [CLAIM] Command 606790043104968712:fetch_assessments:task_sequence:606790051208364133 claimed by worker-1053fb91
1284:     Message: [CLAIM] Command 606790043104968712:fetch_assessments:task_sequence:606790051208364129 claimed by worker-1053fb91
1287:     Message: [CLAIM] Command 606790043104968712:fetch_assessments:task_sequence:606790051208364139 claimed by worker-1053fb91
1290:     Message: [CLAIM] Command 606790043104968712:fetch_assessments:task_sequence:606790051208364143 claimed by worker-1053fb91
1295:     Message: [CLAIM] Command 606790043104968712:fetch_assessments:task_sequence:606790051208364127 claimed by worker-ed1099db
1300:     Message: [CLAIM] Command 606790043104968712:fetch_assessments:task_sequence:606790051208364125 claimed by worker-36735e39
1304:     Message: [CLAIM] Command 606790043104968712:fetch_assessments:task_sequence:606790051208364157 claimed by worker-36735e39
1307:     Message: [CLAIM] Command 606790043104968712:fetch_assessments:task_sequence:606790051208364153 claimed by worker-36735e39
1310:     Message: [CLAIM] Command 606790043104968712:fetch_assessments:task_sequence:606790051208364135 claimed by worker-36735e39
1313:     Message: [CLAIM] Command 606790043104968712:fetch_assessments:task_sequence:606790051208364147 claimed by worker-36735e39
1316:     Message: [CLAIM] Command 606790043104968712:fetch_assessments:task_sequence:606790051208364141 claimed by worker-36735e39
1323:     Message: [CLAIM] Command 606790043104968712:fetch_assessments:task_sequence:606790051208364145 claimed by worker-ed1099db
1326:     Message: [CLAIM] Command 606790043104968712:fetch_assessments:task_sequence:606790051208364131 claimed by worker-ed1099db
1329:     Message: [CLAIM] Command 606790043104968712:fetch_assessments:task_sequence:606790051208364151 claimed by worker-ed1099db
1333:     Message: [CLAIM] Command 606790043104968712:fetch_assessments:task_sequence:606790051208364137 claimed by worker-ed1099db
1339:     Message: [CLAIM] Command 606790043104968712:fetch_assessments:task_sequence:606790051208364169 claimed by worker-ed1099db
1342:     Message: [CLAIM] Command 606790043104968712:fetch_assessments:task_sequence:606790051208364159 claimed by worker-ed1099db
1346:     Message: [CLAIM] Command 606790043104968712:fetch_assessments:task_sequence:606790051208364171 claimed by worker-ed1099db
1353:     Message: [CLAIM] Command 606790043104968712:fetch_assessments:task_sequence:606790051208364149 claimed by worker-1053fb91
1356:     Message: [CLAIM] Command 606790043104968712:fetch_assessments:task_sequence:606790051208364163 claimed by worker-1053fb91
1359:     Message: [CLAIM] Command 606790043104968712:fetch_assessments:task_sequence:606790051208364155 claimed by worker-1053fb91
1363:     Message: [CLAIM] Command 606790043104968712:fetch_assessments:task_sequence:606790051208364161 claimed by worker-1053fb91
1369:     Message: [CLAIM] Command 606790043104968712:fetch_assessments:task_sequence:606790051208364165 claimed by worker-36735e39
1374:     Message: [CLAIM] Command 606790043104968712:fetch_assessments:task_sequence:606790051208364167 claimed by worker-36735e39
1418:     Message: [CLAIM] Command 606790043104968712:fetch_assessments:task_sequence:606790051208364173 claimed by worker-ed1099db
1445:     Message: [CLAIM] Command 606790043104968712:fetch_assessments:task_sequence:606790051208364175 claimed by worker-36735e39
1454:     Message: [CLAIM] Command 606790043104968712:fetch_assessments:task_sequence:606790051208364179 claimed by worker-ed1099db
1458:     Message: [CLAIM] Command 606790043104968712:fetch_assessments:task_sequence:606790051208364177 claimed by worker-36735e39
1462:     Message: [CLAIM] Command 606790043104968712:fetch_assessments:task_sequence:606790051208364183 claimed by worker-36735e39
1483:     Message: [CLAIM] Command 606790043104968712:fetch_assessments:task_sequence:606790051208364181 claimed by worker-ed1099db
1486:     Message: [CLAIM] Command 606790043104968712:fetch_assessments:task_sequence:606790051208364189 claimed by worker-ed1099db
1492:     Message: [CLAIM] Command 606790043104968712:fetch_assessments:task_sequence:606790051208364191 claimed by worker-ed1099db
1497:     Message: [CLAIM] Command 606790043104968712:fetch_assessments:task_sequence:606790051208364193 claimed by worker-ed1099db
1503:     Message: [CLAIM] Command 606790043104968712:fetch_assessments:task_sequence:606790051208364185 claimed by worker-1053fb91
1512:     Message: [CLAIM] Command 606790043104968712:fetch_assessments:task_sequence:606790051208364195 claimed by worker-36735e39
1520:     Message: [CLAIM] Command 606790043104968712:fetch_assessments:task_sequence:606790051208364187 claimed by worker-1053fb91
1534:     Message: [CLAIM] Command 606790043104968712:fetch_assessments:task_sequence:606790051208364197 claimed by worker-ed1099db
1538:     Message: [CLAIM] Command 606790043104968712:fetch_assessments:task_sequence:606790051208364199 claimed by worker-ed1099db
1565:     Message: [CLAIM] Command 606790043104968712:fetch_assessments:task_sequence:606790051208364203 claimed by worker-1053fb91
1580:     Message: [CLAIM] Command 606790043104968712:fetch_assessments:task_sequence:606790051208364201 claimed by worker-36735e39
1586:     Message: [CLAIM] Command 606790043104968712:fetch_assessments:task_sequence:606790051208364205 claimed by worker-1053fb91
1593:     Message: [CLAIM] Command 606790043104968712:fetch_assessments:task_sequence:606790051208364207 claimed by worker-36735e39
1601:     Message: [CLAIM] Command 606790043104968712:fetch_assessments:task_sequence:606790051208364211 claimed by worker-1053fb91
1608:     Message: [CLAIM] Command 606790043104968712:fetch_assessments:task_sequence:606790051208364213 claimed by worker-1053fb91
1612:     Message: [CLAIM] Command 606790043104968712:fetch_assessments:task_sequence:606790051208364215 claimed by worker-1053fb91
1623:     Message: [CLAIM] Command 606790043104968712:fetch_assessments:task_sequence:606790051208364217 claimed by worker-1053fb91
1627:     Message: [CLAIM] Command 606790043104968712:fetch_assessments:task_sequence:606790051208364209 claimed by worker-36735e39
1632:     Message: [CLAIM] Command 606790043104968712:fetch_assessments:task_sequence:606790051208364219 claimed by worker-36735e39
1642:     Message: [CLAIM] Command 606790043104968712:fetch_assessments:task_sequence:606790051208364221 claimed by worker-ed1099db
1674:     Message: [CLAIM] Command 606790043104968712:fetch_assessments:task_sequence:606790051208364223 claimed by worker-36735e39
1693:     Message: [CLAIM] Command 606790043104968712:fetch_assessments:task_sequence:606790051208364227 claimed by worker-ed1099db
1697:     Message: [CLAIM] Command 606790043104968712:fetch_assessments:task_sequence:606790051208364225 claimed by worker-36735e39
1701:     Message: [CLAIM] Command 606790043104968712:fetch_assessments:task_sequence:606790051208364229 claimed by worker-1053fb91
1705:     Message: [CLAIM] Command 606790043104968712:fetch_assessments:task_sequence:606790051208364231 claimed by worker-1053fb91
1711:     Message: [CLAIM] Command 606790043104968712:fetch_assessments:task_sequence:606790051208364233 claimed by worker-ed1099db
1765:     Message: [CLAIM] Command 606790043104968712:fetch_assessments:task_sequence:606790051208364235 claimed by worker-ed1099db
1769:     Message: [CLAIM] Command 606790043104968712:fetch_assessments:task_sequence:606790051216752845 claimed by worker-ed1099db
1799:     Message: [CLAIM] Command 606790043104968712:fetch_assessments:task_sequence:606790051216752847 claimed by worker-36735e39
1806:     Message: [CLAIM] Command 606790043104968712:fetch_assessments:task_sequence:606790051216752849 claimed by worker-1053fb91
1811:     Message: [CLAIM] Command 606790043104968712:fetch_assessments:task_sequence:606790051216752853 claimed by worker-ed1099db
1816:     Message: [CLAIM] Command 606790043104968712:fetch_assessments:task_sequence:606790051216752851 claimed by worker-1053fb91
1830:     Message: [CLAIM] Command 606790043104968712:fetch_assessments:task_sequence:606790051216752859 claimed by worker-1053fb91
1837:     Message: [CLAIM] Command 606790043104968712:fetch_assessments:task_sequence:606790051216752861 claimed by worker-1053fb91
1843:     Message: [CLAIM] Command 606790043104968712:fetch_assessments:task_sequence:606790051216752855 claimed by worker-ed1099db
1854:     Message: [CLAIM] Command 606790043104968712:fetch_assessments:task_sequence:606790051216752857 claimed by worker-ed1099db
1858:     Message: [CLAIM] Command 606790043104968712:fetch_assessments:task_sequence:606790051216752863 claimed by worker-ed1099db
1862:     Message: [CLAIM] Command 606790043104968712:fetch_assessments:task_sequence:606790051216752865 claimed by worker-36735e39
1867:     Message: [CLAIM] Command 606790043104968712:fetch_assessments:task_sequence:606790051216752869 claimed by worker-1053fb91
1870:     Message: [CLAIM] Command 606790043104968712:fetch_assessments:task_sequence:606790051216752873 claimed by worker-1053fb91
1877:     Message: [CLAIM] Command 606790043104968712:fetch_assessments:task_sequence:606790051216752875 claimed by worker-ed1099db
1881:     Message: [CLAIM] Command 606790043104968712:fetch_assessments:task_sequence:606790051216752867 claimed by worker-36735e39
1900:     Message: [CLAIM] Command 606790043104968712:fetch_assessments:task_sequence:606790051216752871 claimed by worker-36735e39
1904:     Message: [CLAIM] Command 606790043104968712:fetch_assessments:task_sequence:606790051216752879 claimed by worker-36735e39
1909:     Message: [CLAIM] Command 606790043104968712:fetch_assessments:task_sequence:606790051216752881 claimed by worker-36735e39
1924:     Message: [CLAIM] Command 606790043104968712:fetch_assessments:task_sequence:606790051216752877 claimed by worker-1053fb91
1937:     Message: [CLAIM] Command 606790043104968712:fetch_assessments:task_sequence:606790051216752883 claimed by worker-36735e39
1966:     Message: [CLAIM] Command 606790043104968712:fetch_assessments:task_sequence:606790051216752885 claimed by worker-ed1099db
1971:     Message: [CLAIM] Command 606790043104968712:fetch_assessments:task_sequence:606790051216752887 claimed by worker-1053fb91
1991:     Message: [CLAIM] Command 606790043104968712:fetch_assessments:task_sequence:606790051216752889 claimed by worker-36735e39
1998:     Message: [CLAIM] Command 606790043104968712:fetch_assessments:task_sequence:606790051216752891 claimed by worker-ed1099db
2011:     Message: [CLAIM] Command 606790043104968712:fetch_assessments:task_sequence:606790051216752893 claimed by worker-1053fb91
2030:     Message: [CLAIM] Command 606790043104968712:fetch_assessments:task_sequence:606790051216752895 claimed by worker-ed1099db
2039:     Message: [CLAIM] Command 606790043104968712:fetch_assessments:task_sequence:606790051216752899 claimed by worker-ed1099db
2043:     Message: [CLAIM] Command 606790043104968712:fetch_assessments:task_sequence:606790051216752897 claimed by worker-36735e39
2061:     Message: [CLAIM] Command 606790043104968712:fetch_assessments:task_sequence:606790051216752901 claimed by worker-ed1099db
2067:     Message: [CLAIM] Command 606790043104968712:fetch_assessments:task_sequence:606790051216752903 claimed by worker-ed1099db
2073:     Message: [CLAIM] Command 606790043104968712:fetch_assessments:task_sequence:606790051216752905 claimed by worker-36735e39
2091:     Message: [CLAIM] Command 606790043104968712:fetch_assessments:task_sequence:606790051216752907 claimed by worker-36735e39
2108:     Message: [CLAIM] Command 606790043104968712:fetch_assessments:task_sequence:606790051216752909 claimed by worker-36735e39
2113:     Message: [CLAIM] Command 606790043104968712:fetch_assessments:task_sequence:606790051216752911 claimed by worker-1053fb91
2117:     Message: [CLAIM] Command 606790043104968712:fetch_assessments:task_sequence:606790051216752915 claimed by worker-1053fb91
2120:     Message: [CLAIM] Command 606790043104968712:fetch_assessments:task_sequence:606790051216752913 claimed by worker-1053fb91
2123:     Message: [CLAIM] Command 606790043104968712:fetch_assessments:task_sequence:606790051216752917 claimed by worker-1053fb91
2129:     Message: [CLAIM] Command 606790043104968712:fetch_assessments:task_sequence:606790051216752923 claimed by worker-36735e39
2134:     Message: [CLAIM] Command 606790043104968712:fetch_assessments:task_sequence:606790051216752921 claimed by worker-36735e39
2138:     Message: [CLAIM] Command 606790043104968712:fetch_assessments:task_sequence:606790051216752919 claimed by worker-1053fb91
2143:     Message: [CLAIM] Command 606790043104968712:fetch_assessments:task_sequence:606790051216752925 claimed by worker-1053fb91
2150:     Message: [CLAIM] Command 606790043104968712:fetch_assessments:task_sequence:606790051216752927 claimed by worker-1053fb91
2166:     Message: [CLAIM] Command 606790043104968712:fetch_assessments:task_sequence:606790051216752929 claimed by worker-ed1099db
2170:     Message: [CLAIM] Command 606790043104968712:fetch_assessments:task_sequence:606790051216752931 claimed by worker-ed1099db
2312:2026-04-17T05:03:34.558599 [WARNING]  /opt/noetl/noetl/core/cache/nats_kv.py:710
2314:     Message: Failed to enumerate loop iteration state keys in NATS K/V for execution=606790043104968712 step=fetch_assessments event_id=loop_606790043104968712_fetch_assessments_1: nats: no keys found
2357:2026-04-17T05:03:34.765236 [WARNING]  /opt/noetl/noetl/core/cache/nats_kv.py:710
2359:     Message: Failed to enumerate loop iteration state keys in NATS K/V for execution=606790043104968712 step=fetch_assessments event_id=loop_606790043104968712_fetch_assessments_1: nats: no keys found
2381:2026-04-17T05:03:34.857677 [WARNING]  /opt/noetl/noetl/core/cache/nats_kv.py:710
2383:     Message: Failed to enumerate loop iteration state keys in NATS K/V for execution=606790043104968712 step=fetch_assessments event_id=loop_606790043104968712_fetch_assessments_1: nats: no keys found
2575:     Message: [ENGINE-STATE] Marking transition emitted: fetch_assessments:loop.done:loop_606790043104968712_fetch_assessments_1
2578:     Message: [NEXT-EVAL] Step fetch_assessments has 1 next targets, mode=exclusive, evaluating for event loop.done
2581:     Message: [NEXT-MATCH] Step fetch_assessments: matched next[0] -> load_patients_for_assessments (when: {{ event.name == "loop.done" }})
2584:     Message: [NEXT-MATCH] Created 1 command(s) for step load_patients_for_assessments, added to issued_steps
2587:     Message: [TASK_SEQ-LOOP] Generated 1 commands from loop.done
2590:     Message: [ISSUED] Added task-sequence load_patients_for_assessments to issued_steps for execution 606790043104968712, total issued=6
2594:     Message: [CLAIM] Command 606790043104968712:load_patients_for_assessments:606790093008798470 claimed by worker-36735e39
2602:     Message: [NEXT-EVAL] Step load_patients_for_assessments has 2 next targets, mode=exclusive, evaluating for event call.done
2605:     Message: [NEXT-MATCH] Step load_patients_for_assessments: matched next[0] -> claim_patients_for_assessments (when: {{ (output.data.rows[0].remaining_count | default(0) | int) > 0 }})
2608:     Message: [NEXT-MATCH] Created 1 command(s) for step claim_patients_for_assessments, added to issued_steps
2612:     Message: [ISSUED] Added claim_patients_for_assessments to issued_steps for execution 606790043104968712, total issued=6
2615:     Message: [CLAIM] Command 606790043104968712:claim_patients_for_assessments:606790093377897242 claimed by worker-1053fb91
2621:     Message: [NEXT-EVAL] Step claim_patients_for_assessments has 2 next targets, mode=exclusive, evaluating for event call.done
2624:     Message: [NEXT-MATCH] Step claim_patients_for_assessments: matched next[0] -> fetch_assessments (when: {{ (output.data.row_count | default(0) | int) > 0 }})
2627:     Message: [LOOP] Reset stale distributed state for new invocation of fetch_assessments (completed=100 scheduled=100 size=100 new_event_id=loop_606790043104968712_fetch_assessments_1)
2632:INFO:     10.244.0.1:1140 - "GET /api/executions/606790043104968712/status HTTP/1.1" 200 OK
2633:2026-04-17T05:03:47.912769 [ERROR]  /opt/noetl/noetl/server/api/database/service.py:179
2651:INFO:     10.244.0.1:42489 - "GET /api/executions/606790043104968712/status HTTP/1.1" 200 OK
2664:2026-04-17T05:04:57.446629 [ERROR]  /opt/noetl/noetl/server/api/database/service.py:179
2694:INFO:     10.244.0.1:24608 - "GET /api/executions/606790043104968712/status HTTP/1.1" 200 OK
2743:INFO:     10.244.0.1:42147 - "GET /api/executions/606790043104968712/status HTTP/1.1" 200 OK
